{
  message: 'Database connected successfully',
  level: 'info',
  service: 'user-service',
  label: 'PHU',
  timestamp: '2023-06-04T14:13:17.688Z'
}
{
  message: 'application listening on port 5000',
  level: 'info',
  service: 'user-service',
  label: 'PHU',
  timestamp: '2023-06-04T14:13:17.705Z'
}
Sun Jun 04 2023 20:14 16 [PHU] info: Database connected successfully
Sun Jun 04 2023 20:14 16 [PHU] info: application listening on port 5000
Sun Jun 04 2023 20:15 3 [PHU] info: Database connected successfully
Sun Jun 04 2023 20:15 3 [PHU] info: application listening on port 5000
Sun Jun 04 2023 20:32:53 [PHU] info: Database connected successfully
Sun Jun 04 2023 20:32:53 [PHU] info: application listening on port 5000
